time="2026-06-30 18:20:44" level=info msg="Serial Server v1.0.0 starting..."
time="2026-06-30 18:20:53" level=info msg="Serial Server v1.0.0 starting..."
time="2026-06-30 18:24:55" level=info msg="Serial Server v1.0.0 starting..."
time="2026-06-30 18:36:38" level=info msg="串口服务器 v1.0.0 正在启动..."
time="2026-06-30 18:36:38" level=info msg="配置文件加载成功"
time="2026-06-30 18:36:38" level=info msg="HTTP服务器正在端口 8080 启动..."
time="2026-06-30 18:36:43" level=info msg="配置文件发生变化，正在重新加载..."
time="2026-06-30 18:36:43" level=info msg="配置文件加载成功"
time="2026-06-30 18:36:43" level=info msg="配置文件已重载，正在重启服务器..."
time="2026-06-30 18:39:27" level=info msg="正在关闭服务器..."
time="2026-06-30 18:39:27" level=fatal msg="服务器启动失败: http: Server closed"
time="2026-06-30 18:45:13" level=info msg="串口服务器 v1.0.0 正在启动..."
time="2026-06-30 18:45:13" level=info msg="配置文件加载成功"
time="2026-06-30 18:45:13" level=info msg="HTTP服务器正在端口 8080 启动..."
time="2026-06-30 18:45:18" level=info msg="配置文件发生变化，正在重新加载..."
time="2026-06-30 18:45:18" level=info msg="配置文件加载成功"
time="2026-06-30 18:45:18" level=info msg="配置文件已重载，正在重启服务器..."
time="2026-06-30 21:37:16" level=error msg="启动终端失败: unsupported"
time="2026-06-30 21:37:55" level=info msg="正在关闭服务器..."
time="2026-06-30 21:37:55" level=fatal msg="服务器启动失败: http: Server closed"
time="2026-06-30 21:38:09" level=info msg="串口服务器 v1.0.0 正在启动..."
time="2026-06-30 21:38:09" level=info msg="配置文件加载成功"
time="2026-06-30 21:38:09" level=info msg="HTTP服务器正在端口 8080 启动..."
time="2026-06-30 21:38:14" level=info msg="配置文件发生变化，正在重新加载..."
time="2026-06-30 21:38:14" level=info msg="配置文件加载成功"
time="2026-06-30 21:38:14" level=info msg="配置文件已重载，正在重启服务器..."
time="2026-06-30 22:41:47" level=info msg="正在关闭服务器..."
time="2026-06-30 22:41:47" level=fatal msg="服务器启动失败: http: Server closed"
time="2026-06-30 22:41:49" level=info msg="串口服务器 v1.0.0 正在启动..."
time="2026-06-30 22:41:49" level=info msg="配置文件加载成功"
time="2026-06-30 22:41:49" level=info msg="HTTP服务器正在端口 8080 启动..."
time="2026-06-30 22:41:54" level=info msg="配置文件发生变化，正在重新加载..."
time="2026-06-30 22:41:54" level=info msg="配置文件加载成功"
time="2026-06-30 22:41:54" level=info msg="配置文件已重载，正在重启服务器..."
time="2026-06-30 22:42:21" level=info msg="串口已打开: /dev/ttyS0"
time="2026-06-30 22:42:22" level=info msg="串口已打开: /dev/ttyS0"
time="2026-06-30 22:42:23" level=info msg="串口已打开: /dev/ttyS0"
time="2026-06-30 22:42:30" level=info msg="串口已打开: /dev/ttyS0"
time="2026-06-30 22:42:32" level=info msg="串口已打开: /dev/ttyS0"
time="2026-06-30 22:42:34" level=info msg="串口已打开: /dev/ttyS0"
time="2026-06-30 22:58:31" level=info msg="正在关闭服务器..."
time="2026-06-30 22:58:31" level=fatal msg="服务器启动失败: http: Server closed"
time="2026-06-30 23:11:51" level=info msg="串口服务器 v1.0.0 正在启动..."
time="2026-06-30 23:11:51" level=info msg="配置文件加载成功"
time="2026-06-30 23:11:51" level=info msg="HTTP服务器正在端口 8080 启动..."
time="2026-06-30 23:11:56" level=info msg="配置文件发生变化，正在重新加载..."
time="2026-06-30 23:11:56" level=info msg="配置文件加载成功"
time="2026-06-30 23:11:56" level=info msg="配置文件已重载，正在重启服务器..."
time="2026-06-30 23:13:53" level=info msg="正在关闭服务器..."
time="2026-06-30 23:13:53" level=fatal msg="服务器启动失败: http: Server closed"
time="2026-06-30 23:13:56" level=info msg="串口服务器 v1.0.0 正在启动..."
time="2026-06-30 23:13:56" level=info msg="配置文件加载成功"
time="2026-06-30 23:13:56" level=info msg="HTTP服务器正在端口 8080 启动..."
time="2026-06-30 23:14:01" level=info msg="配置文件发生变化，正在重新加载..."
time="2026-06-30 23:14:01" level=info msg="配置文件加载成功"
time="2026-06-30 23:14:01" level=info msg="配置文件已重载，正在重启服务器..."
time="2026-06-30 23:16:54" level=error msg="启动终端失败: unsupported"
time="2026-06-30 23:17:40" level=error msg="启动终端失败: unsupported"
time="2026-06-30 23:17:46" level=error msg="启动终端失败: unsupported"
time="2026-06-30 23:17:47" level=error msg="启动终端失败: unsupported"
time="2026-06-30 23:17:49" level=error msg="启动终端失败: unsupported"
time="2026-06-30 23:17:51" level=error msg="启动终端失败: unsupported"
